# JRE version: OpenJDK Runtime Environment Temurin-21.0.10+7 (21.0.10+7) (build 21.0.10+7-LTS)
# Java VM: OpenJDK 64-Bit Server VM Temurin-21.0.10+7 (21.0.10+7-LTS, mixed mode, sharing, tiered, compressed oops, compressed class ptrs, parallel gc, windows-amd64)
GC Precious Log:
 CardTable entry size: 512
 CPUs: 12 total, 12 available
 Memory: 7877M
 Large Page Support: Disabled
 NUMA Support: Disabled
 Compressed Oops: Enabled (32-bit)
 Alignments: Space 512K, Generation 512K, Heap 2M
 Heap Min Capacity: 100M
 Heap Initial Capacity: 100M
 Heap Max Capacity: 2G
 Pre-touch: Disabled
 Parallel Workers: 10
Heap:
 PSYoungGen      total 18944K, used 1294K [0x00000000d5580000, 0x00000000d6a80000, 0x0000000100000000)
  eden space 18432K, 5% used [0x00000000d5580000,0x00000000d567bb98,0x00000000d6780000)
  from space 512K, 56% used [0x00000000d6a00000,0x00000000d6a48000,0x00000000d6a80000)
  to   space 512K, 0% used [0x00000000d6780000,0x00000000d6780000,0x00000000d6800000)
 ParOldGen       total 69632K, used 69399K [0x0000000080000000, 0x0000000084400000, 0x00000000d5580000)
  object space 69632K, 99% used [0x0000000080000000,0x00000000843c5c30,0x0000000084400000)
 Metaspace       used 74148K, committed 75712K, reserved 1179648K
  class space    used 7897K, committed 8576K, reserved 1048576K
GC Heap History (20 events):
Event: 66.498 GC heap before
{Heap before GC invocations=46 (full 3):
 PSYoungGen      total 22016K, used 21920K [0x00000000d5580000, 0x00000000d6f80000, 0x0000000100000000)
  eden space 19968K, 100% used [0x00000000d5580000,0x00000000d6900000,0x00000000d6900000)
  from space 2048K, 95% used [0x00000000d6d80000,0x00000000d6f68010,0x00000000d6f80000)
  to   space 2560K, 0% used [0x00000000d6a80000,0x00000000d6a80000,0x00000000d6d00000)
 ParOldGen       total 68608K, used 52493K [0x0000000080000000, 0x0000000084300000, 0x00000000d5580000)
  object space 68608K, 76% used [0x0000000080000000,0x0000000083343750,0x0000000084300000)
 Metaspace       used 66100K, committed 67584K, reserved 1114112K
  class space    used 7208K, committed 7808K, reserved 1048576K
}
Event: 66.503 GC heap after
{Heap after GC invocations=46 (full 3):
 PSYoungGen      total 22528K, used 2540K [0x00000000d5580000, 0x00000000d7300000, 0x0000000100000000)
  eden space 19968K, 0% used [0x00000000d5580000,0x00000000d5580000,0x00000000d6900000)
  from space 2560K, 99% used [0x00000000d6a80000,0x00000000d6cfb1b0,0x00000000d6d00000)
  to   space 5120K, 0% used [0x00000000d6e00000,0x00000000d6e00000,0x00000000d7300000)
 ParOldGen       total 68608K, used 54347K [0x0000000080000000, 0x0000000084300000, 0x00000000d5580000)
  object space 68608K, 79% used [0x0000000080000000,0x0000000083512e88,0x0000000084300000)
 Metaspace       used 66100K, committed 67584K, reserved 1114112K
  class space    used 7208K, committed 7808K, reserved 1048576K
}
Event: 67.174 GC heap before
{Heap before GC invocations=47 (full 3):
 PSYoungGen      total 22528K, used 22508K [0x00000000d5580000, 0x00000000d7300000, 0x0000000100000000)
  eden space 19968K, 100% used [0x00000000d5580000,0x00000000d6900000,0x00000000d6900000)
  from space 2560K, 99% used [0x00000000d6a80000,0x00000000d6cfb1b0,0x00000000d6d00000)
  to   space 5120K, 0% used [0x00000000d6e00000,0x00000000d6e00000,0x00000000d7300000)
 ParOldGen       total 68608K, used 54347K [0x0000000080000000, 0x0000000084300000, 0x00000000d5580000)
  object space 68608K, 79% used [0x0000000080000000,0x0000000083512e88,0x0000000084300000)
 Metaspace       used 67308K, committed 68864K, reserved 1114112K
  class space    used 7244K, committed 7872K, reserved 1048576K
}
Event: 67.180 GC heap after
{Heap after GC invocations=47 (full 3):
 PSYoungGen      total 23552K, used 3520K [0x00000000d5580000, 0x00000000d7180000, 0x0000000100000000)
  eden space 19968K, 0% used [0x00000000d5580000,0x00000000d5580000,0x00000000d6900000)
  from space 3584K, 98% used [0x00000000d6e00000,0x00000000d7170000,0x00000000d7180000)
  to   space 4096K, 0% used [0x00000000d6980000,0x00000000d6980000,0x00000000d6d80000)
 ParOldGen       total 68608K, used 56756K [0x0000000080000000, 0x0000000084300000, 0x00000000d5580000)
  object space 68608K, 82% used [0x0000000080000000,0x000000008376d030,0x0000000084300000)
 Metaspace       used 67308K, committed 68864K, reserved 1114112K
  class space    used 7244K, committed 7872K, reserved 1048576K
}
Event: 68.217 GC heap before
{Heap before GC invocations=48 (full 3):
 PSYoungGen      total 23552K, used 23488K [0x00000000d5580000, 0x00000000d7180000, 0x0000000100000000)
  eden space 19968K, 100% used [0x00000000d5580000,0x00000000d6900000,0x00000000d6900000)
  from space 3584K, 98% used [0x00000000d6e00000,0x00000000d7170000,0x00000000d7180000)
  to   space 4096K, 0% used [0x00000000d6980000,0x00000000d6980000,0x00000000d6d80000)
 ParOldGen       total 68608K, used 56756K [0x0000000080000000, 0x0000000084300000, 0x00000000d5580000)
  object space 68608K, 82% used [0x0000000080000000,0x000000008376d030,0x0000000084300000)
 Metaspace       used 68002K, committed 69568K, reserved 1114112K
  class space    used 7320K, committed 8000K, reserved 1048576K
}
Event: 68.222 GC heap after
{Heap after GC invocations=48 (full 3):
 PSYoungGen      total 23040K, used 2640K [0x00000000d5580000, 0x00000000d6f00000, 0x0000000100000000)
  eden space 19968K, 0% used [0x00000000d5580000,0x00000000d5580000,0x00000000d6900000)
  from space 3072K, 85% used [0x00000000d6980000,0x00000000d6c14010,0x00000000d6c80000)
  to   space 2560K, 0% used [0x00000000d6c80000,0x00000000d6c80000,0x00000000d6f00000)
 ParOldGen       total 68608K, used 60035K [0x0000000080000000, 0x0000000084300000, 0x00000000d5580000)
  object space 68608K, 87% used [0x0000000080000000,0x0000000083aa0c60,0x0000000084300000)
 Metaspace       used 68002K, committed 69568K, reserved 1114112K
  class space    used 7320K, committed 8000K, reserved 1048576K
}
Event: 102.206 GC heap before
{Heap before GC invocations=49 (full 3):
 PSYoungGen      total 23040K, used 22606K [0x00000000d5580000, 0x00000000d6f00000, 0x0000000100000000)
  eden space 19968K, 99% used [0x00000000d5580000,0x00000000d68ff838,0x00000000d6900000)
  from space 3072K, 85% used [0x00000000d6980000,0x00000000d6c14010,0x00000000d6c80000)
  to   space 2560K, 0% used [0x00000000d6c80000,0x00000000d6c80000,0x00000000d6f00000)
 ParOldGen       total 68608K, used 60035K [0x0000000080000000, 0x0000000084300000, 0x00000000d5580000)
  object space 68608K, 87% used [0x0000000080000000,0x0000000083aa0c60,0x0000000084300000)
 Metaspace       used 69451K, committed 71040K, reserved 1114112K
  class space    used 7478K, committed 8128K, reserved 1048576K
}
Event: 102.208 GC heap after
{Heap after GC invocations=49 (full 3):
 PSYoungGen      total 20992K, used 730K [0x00000000d5580000, 0x00000000d6d80000, 0x0000000100000000)
  eden space 19968K, 0% used [0x00000000d5580000,0x00000000d5580000,0x00000000d6900000)
  from space 1024K, 71% used [0x00000000d6c80000,0x00000000d6d368e8,0x00000000d6d80000)
  to   space 1536K, 0% used [0x00000000d6a80000,0x00000000d6a80000,0x00000000d6c00000)
 ParOldGen       total 68608K, used 61287K [0x0000000080000000, 0x0000000084300000, 0x00000000d5580000)
  object space 68608K, 89% used [0x0000000080000000,0x0000000083bd9d68,0x0000000084300000)
 Metaspace       used 69451K, committed 71040K, reserved 1114112K
  class space    used 7478K, committed 8128K, reserved 1048576K
}
Event: 102.822 GC heap before
{Heap before GC invocations=50 (full 3):
 PSYoungGen      total 20992K, used 20698K [0x00000000d5580000, 0x00000000d6d80000, 0x0000000100000000)
  eden space 19968K, 100% used [0x00000000d5580000,0x00000000d6900000,0x00000000d6900000)
  from space 1024K, 71% used [0x00000000d6c80000,0x00000000d6d368e8,0x00000000d6d80000)
  to   space 1536K, 0% used [0x00000000d6a80000,0x00000000d6a80000,0x00000000d6c00000)
 ParOldGen       total 68608K, used 61287K [0x0000000080000000, 0x0000000084300000, 0x00000000d5580000)
  object space 68608K, 89% used [0x0000000080000000,0x0000000083bd9d68,0x0000000084300000)
 Metaspace       used 71750K, committed 73344K, reserved 1179648K
  class space    used 7696K, committed 8384K, reserved 1048576K
}
Event: 102.823 GC heap after
{Heap after GC invocations=50 (full 3):
 PSYoungGen      total 21504K, used 1531K [0x00000000d5580000, 0x00000000d6e00000, 0x0000000100000000)
  eden space 19968K, 0% used [0x00000000d5580000,0x00000000d5580000,0x00000000d6900000)
  from space 1536K, 99% used [0x00000000d6a80000,0x00000000d6bfecb8,0x00000000d6c00000)
  to   space 2048K, 0% used [0x00000000d6c00000,0x00000000d6c00000,0x00000000d6e00000)
 ParOldGen       total 68608K, used 61945K [0x0000000080000000, 0x0000000084300000, 0x00000000d5580000)
  object space 68608K, 90% used [0x0000000080000000,0x0000000083c7e678,0x0000000084300000)
 Metaspace       used 71750K, committed 73344K, reserved 1179648K
  class space    used 7696K, committed 8384K, reserved 1048576K
}
Event: 103.050 GC heap before
{Heap before GC invocations=51 (full 3):
 PSYoungGen      total 21504K, used 21499K [0x00000000d5580000, 0x00000000d6e00000, 0x0000000100000000)
  eden space 19968K, 100% used [0x00000000d5580000,0x00000000d6900000,0x00000000d6900000)
  from space 1536K, 99% used [0x00000000d6a80000,0x00000000d6bfecb8,0x00000000d6c00000)
  to   space 2048K, 0% used [0x00000000d6c00000,0x00000000d6c00000,0x00000000d6e00000)
 ParOldGen       total 68608K, used 61945K [0x0000000080000000, 0x0000000084300000, 0x00000000d5580000)
  object space 68608K, 90% used [0x0000000080000000,0x0000000083c7e678,0x0000000084300000)
 Metaspace       used 72954K, committed 74560K, reserved 1179648K
  class space    used 7812K, committed 8512K, reserved 1048576K
}
Event: 103.054 GC heap after
{Heap after GC invocations=51 (full 3):
 PSYoungGen      total 20480K, used 2029K [0x00000000d5580000, 0x00000000d7200000, 0x0000000100000000)
  eden space 18432K, 0% used [0x00000000d5580000,0x00000000d5580000,0x00000000d6780000)
  from space 2048K, 99% used [0x00000000d6c00000,0x00000000d6dfb760,0x00000000d6e00000)
  to   space 4608K, 0% used [0x00000000d6780000,0x00000000d6780000,0x00000000d6c00000)
 ParOldGen       total 68608K, used 63970K [0x0000000080000000, 0x0000000084300000, 0x00000000d5580000)
  object space 68608K, 93% used [0x0000000080000000,0x0000000083e789e8,0x0000000084300000)
 Metaspace       used 72954K, committed 74560K, reserved 1179648K
  class space    used 7812K, committed 8512K, reserved 1048576K
}
Event: 614.518 GC heap before
{Heap before GC invocations=52 (full 3):
 PSYoungGen      total 20480K, used 20461K [0x00000000d5580000, 0x00000000d7200000, 0x0000000100000000)
  eden space 18432K, 100% used [0x00000000d5580000,0x00000000d6780000,0x00000000d6780000)
  from space 2048K, 99% used [0x00000000d6c00000,0x00000000d6dfb760,0x00000000d6e00000)
  to   space 4608K, 0% used [0x00000000d6780000,0x00000000d6780000,0x00000000d6c00000)
 ParOldGen       total 68608K, used 63970K [0x0000000080000000, 0x0000000084300000, 0x00000000d5580000)
  object space 68608K, 93% used [0x0000000080000000,0x0000000083e789e8,0x0000000084300000)
 Metaspace       used 73675K, committed 75264K, reserved 1179648K
  class space    used 7872K, committed 8576K, reserved 1048576K
}
Event: 614.594 GC heap after
{Heap after GC invocations=52 (full 3):
 PSYoungGen      total 22528K, used 3893K [0x00000000d5580000, 0x00000000d6f80000, 0x0000000100000000)
  eden space 18432K, 0% used [0x00000000d5580000,0x00000000d5580000,0x00000000d6780000)
  from space 4096K, 95% used [0x00000000d6780000,0x00000000d6b4d440,0x00000000d6b80000)
  to   space 4096K, 0% used [0x00000000d6b80000,0x00000000d6b80000,0x00000000d6f80000)
 ParOldGen       total 68608K, used 65432K [0x0000000080000000, 0x0000000084300000, 0x00000000d5580000)
  object space 68608K, 95% used [0x0000000080000000,0x0000000083fe6218,0x0000000084300000)
 Metaspace       used 73675K, committed 75264K, reserved 1179648K
  class space    used 7872K, committed 8576K, reserved 1048576K
}
Event: 616.651 GC heap before
{Heap before GC invocations=53 (full 3):
 PSYoungGen      total 22528K, used 22325K [0x00000000d5580000, 0x00000000d6f80000, 0x0000000100000000)
  eden space 18432K, 100% used [0x00000000d5580000,0x00000000d6780000,0x00000000d6780000)
  from space 4096K, 95% used [0x00000000d6780000,0x00000000d6b4d440,0x00000000d6b80000)
  to   space 4096K, 0% used [0x00000000d6b80000,0x00000000d6b80000,0x00000000d6f80000)
 ParOldGen       total 68608K, used 65432K [0x0000000080000000, 0x0000000084300000, 0x00000000d5580000)
  object space 68608K, 95% used [0x0000000080000000,0x0000000083fe6218,0x0000000084300000)
 Metaspace       used 73959K, committed 75520K, reserved 1179648K
  class space    used 7894K, committed 8576K, reserved 1048576K
}
Event: 616.655 GC heap after
{Heap after GC invocations=53 (full 3):
 PSYoungGen      total 22528K, used 3775K [0x00000000d5580000, 0x00000000d6f80000, 0x0000000100000000)
  eden space 18432K, 0% used [0x00000000d5580000,0x00000000d5580000,0x00000000d6780000)
  from space 4096K, 92% used [0x00000000d6b80000,0x00000000d6f2fef0,0x00000000d6f80000)
  to   space 4096K, 0% used [0x00000000d6780000,0x00000000d6780000,0x00000000d6b80000)
 ParOldGen       total 68608K, used 65842K [0x0000000080000000, 0x0000000084300000, 0x00000000d5580000)
  object space 68608K, 95% used [0x0000000080000000,0x000000008404cb58,0x0000000084300000)
 Metaspace       used 73959K, committed 75520K, reserved 1179648K
  class space    used 7894K, committed 8576K, reserved 1048576K
}
Event: 2094.447 GC heap before
{Heap before GC invocations=54 (full 3):
 PSYoungGen      total 22528K, used 22207K [0x00000000d5580000, 0x00000000d6f80000, 0x0000000100000000)
  eden space 18432K, 100% used [0x00000000d5580000,0x00000000d6780000,0x00000000d6780000)
  from space 4096K, 92% used [0x00000000d6b80000,0x00000000d6f2fef0,0x00000000d6f80000)
  to   space 4096K, 0% used [0x00000000d6780000,0x00000000d6780000,0x00000000d6b80000)
 ParOldGen       total 68608K, used 65842K [0x0000000080000000, 0x0000000084300000, 0x00000000d5580000)
  object space 68608K, 95% used [0x0000000080000000,0x000000008404cb58,0x0000000084300000)
 Metaspace       used 74092K, committed 75712K, reserved 1179648K
  class space    used 7896K, committed 8576K, reserved 1048576K
}
Event: 2094.487 GC heap after
{Heap after GC invocations=54 (full 3):
 PSYoungGen      total 18944K, used 256K [0x00000000d5580000, 0x00000000d6c00000, 0x0000000100000000)
  eden space 18432K, 0% used [0x00000000d5580000,0x00000000d5580000,0x00000000d6780000)
  from space 512K, 50% used [0x00000000d6780000,0x00000000d67c0000,0x00000000d6800000)
  to   space 2048K, 0% used [0x00000000d6a00000,0x00000000d6a00000,0x00000000d6c00000)
 ParOldGen       total 69632K, used 69319K [0x0000000080000000, 0x0000000084400000, 0x00000000d5580000)
  object space 69632K, 99% used [0x0000000080000000,0x00000000843b1c30,0x0000000084400000)
 Metaspace       used 74092K, committed 75712K, reserved 1179648K
  class space    used 7896K, committed 8576K, reserved 1048576K
}
Event: 2982.635 GC heap before
{Heap before GC invocations=55 (full 3):
 PSYoungGen      total 18944K, used 18688K [0x00000000d5580000, 0x00000000d6c00000, 0x0000000100000000)
  eden space 18432K, 100% used [0x00000000d5580000,0x00000000d6780000,0x00000000d6780000)
  from space 512K, 50% used [0x00000000d6780000,0x00000000d67c0000,0x00000000d6800000)
  to   space 2048K, 0% used [0x00000000d6a00000,0x00000000d6a00000,0x00000000d6c00000)
 ParOldGen       total 69632K, used 69319K [0x0000000080000000, 0x0000000084400000, 0x00000000d5580000)
  object space 69632K, 99% used [0x0000000080000000,0x00000000843b1c30,0x0000000084400000)
 Metaspace       used 74147K, committed 75712K, reserved 1179648K
  class space    used 7897K, committed 8576K, reserved 1048576K
}
Event: 2982.690 GC heap after
{Heap after GC invocations=55 (full 3):
 PSYoungGen      total 18944K, used 288K [0x00000000d5580000, 0x00000000d6a80000, 0x0000000100000000)
  eden space 18432K, 0% used [0x00000000d5580000,0x00000000d5580000,0x00000000d6780000)
  from space 512K, 56% used [0x00000000d6a00000,0x00000000d6a48000,0x00000000d6a80000)
  to   space 512K, 0% used [0x00000000d6780000,0x00000000d6780000,0x00000000d6800000)
 ParOldGen       total 69632K, used 69399K [0x0000000080000000, 0x0000000084400000, 0x00000000d5580000)
  object space 69632K, 99% used [0x0000000080000000,0x00000000843c5c30,0x0000000084400000)
 Metaspace       used 74147K, committed 75712K, reserved 1179648K
  class space    used 7897K, committed 8576K, reserved 1048576K
}

